#-----------------------------------------------------------
# Vivado v2018.3 (64-bit)
# SW Build 2405991 on Thu Dec  6 23:38:27 MST 2018
# IP Build 2404404 on Fri Dec  7 01:43:56 MST 2018
# Start of session at: Tue May  7 01:57:25 2019
# Process ID: 8120
# Current directory: C:/Users/dhsodhao52/Documents/GitHub/HardwareSystemDesign/lab06
# Command line: vivado.exe -gui_launcher_event rodinguilauncherevent22684 C:\Users\dhsodhao52\Documents\GitHub\HardwareSystemDesign\lab06\lab06.xpr
# Log file: C:/Users/dhsodhao52/Documents/GitHub/HardwareSystemDesign/lab06/vivado.log
# Journal file: C:/Users/dhsodhao52/Documents/GitHub/HardwareSystemDesign/lab06\vivado.jou
#-----------------------------------------------------------
start_gui
open_project C:/Users/dhsodhao52/Documents/GitHub/HardwareSystemDesign/lab06/lab06.xpr
Scanning sources...
Finished scanning sources
INFO: [IP_Flow 19-234] Refreshing IP repositories
INFO: [IP_Flow 19-1704] No user IP repositories specified
INFO: [Common 17-41] Interrupt caught. Command should exit soon.
INFO: [IP_Flow 19-2313] Loaded Vivado IP repository 'D:/Xilinx/Vivado/2018.3/data/ip'.
INFO: [Common 17-344] 'open_project' was cancelled
exit
INFO: [Common 17-206] Exiting Vivado at Tue May  7 01:59:49 2019...
